#
# A fatal error has been detected by the Java Runtime Environment:
#
#  SIGSEGV (0xb) at pc=0x00007f93c920afaa, pid=4183, tid=0x00007f93e0b6d700
#
# JRE version: Java(TM) SE Runtime Environment (8.0_121-b13) (build 1.8.0_121-b13)
# Java VM: Java HotSpot(TM) 64-Bit Server VM (25.121-b13 mixed mode linux-amd64 compressed oops)
# Problematic frame:
# J 556 C1 com.android.dx.rop.cst.CstFieldRef.compareTo0(Lcom/android/dx/rop/cst/Constant;)I (43 bytes) @ 0x00007f93c920afaa [0x00007f93c920aa40+0x56a]
#
# Failed to write core dump. Core dumps have been disabled. To enable core dumping, try "ulimit -c unlimited" before starting Java again
#
# If you would like to submit a bug report, please visit:
#   http://bugreport.java.com/bugreport/crash.jsp
#

---------------  T H R E A D  ---------------

Current thread (0x00007f93d800a000):  JavaThread "main" [_thread_in_Java, id=4186, stack(0x00007f93e0a6d000,0x00007f93e0b6e000)]

siginfo: si_signo: 11 (SIGSEGV), si_code: 1 (SEGV_MAPERR), si_addr: 0x0000000000000150

Registers:
RAX=0x00007f93dcc5acf8, RBX=0x00000000000000e8, RCX=0x00000000fbf4b140, RDX=0x00000000fbf4b0e0
RSP=0x00007f93e0b6c240, RBP=0x00007f93e0b6c588, RSI=0x00000000fbf4b1b8, RDI=0x00000000fbf4b1b8
R8 =0x0000000000000019, R9 =0x00000000fbf4b140, R10=0x0000000000000073, R11=0x000000000000001a
R12=0x0000000000000000, R13=0x00007f93e0b6c538, R14=0x0000000000000000, R15=0x00007f93d800a000
RIP=0x00007f93c920afaa, EFLAGS=0x0000000000010206, CSGSFS=0x0000000000000033, ERR=0x0000000000000004
  TRAPNO=0x000000000000000e

Top of Stack: (sp=0x00007f93e0b6c240)
0x00007f93e0b6c240:   ffffffffffffffff 00007f93dcb03660
0x00007f93e0b6c250:   0000000600000006 0000000e00000007
0x00007f93e0b6c260:   00000000fbdffe78 00000000fbdffed8
0x00007f93e0b6c270:   0000000f00000000 0000000000000000
0x00007f93e0b6c280:   00007f93e0b6c588 00007f93c97d235c
0x00007f93e0b6c290:   00000000fbf4b0e0 00000000fbf4b0e0
0x00007f93e0b6c2a0:   0000000100000000 00000000c06f50d0
0x00007f93e0b6c2b0:   00000000fb714df8 0000000000000000
0x00007f93e0b6c2c0:   00007f93e0b6c588 00007f93c94c72a8
0x00007f93e0b6c2d0:   00000000fc7242b8 0000000000000000
0x00007f93e0b6c2e0:   00000000c107c160 000000000000000f
0x00007f93e0b6c2f0:   00007f93e0b6c588 00007f93c92c97ac
0x00007f93e0b6c300:   00000000c1be8dd8 0000000000000003
0x00007f93e0b6c310:   00007f93e0b6c340 00007f93e0b6c340
0x00007f93e0b6c320:   00000000fbf4b0b8 00000000fbf4b0e0
0x00007f93e0b6c330:   0000000000000064 00007f93e0b6c420
0x00007f93e0b6c340:   00007f93e0b6c588 00007f93c95f2f44
0x00007f93e0b6c350:   00007f93e0b6c420 00000000c1be8dd8
0x00007f93e0b6c360:   0000000000000073 00000000c108f230
0x00007f93e0b6c370:   00007f93e0b6c588 00007f93c97c755c
0x00007f93e0b6c380:   ffffffffffffffff 00007f93dcade788
0x00007f93e0b6c390:   00007f93e0b6c518 00007f93c97c755c
0x00007f93e0b6c3a0:   00000000ba83e900 00000000c05317b0
0x00007f93e0b6c3b0:   00007f93d800a000 00000000fbdffe78
0x00007f93e0b6c3c0:   0000000f00000000 0000000000000000
0x00007f93e0b6c3d0:   00000000fc3a3a60 00000000fb61abf0
0x00007f93e0b6c3e0:   00007f93e0b6c588 00007f93c955eabc
0x00007f93e0b6c3f0:   00000000fbf4b0e0 00000000c1aa9ec8
0x00007f93e0b6c400:   00007f93e0b6c440 00000000c1aa94a0
0x00007f93e0b6c410:   00000000fc724448 00000000fbdffe60
0x00007f93e0b6c420:   0000000000000031 00000000c1aa9ec8
0x00007f93e0b6c430:   00000000fc482ca0 0000000000000206 

Instructions: (pc=0x00007f93c920afaa)
0x00007f93c920af8a:   00 48 c7 80 28 01 00 00 01 00 00 00 e9 08 00 00
0x00007f93c920af9a:   00 48 83 80 08 01 00 00 01 8b 5e 08 48 c1 e3 03
0x00007f93c920afaa:   48 8b 5b 68 48 3b 07 48 8b c7 48 ba f8 ac c5 dc
0x00007f93c920afba:   93 7f 00 00 8b 40 08 48 c1 e0 03 48 3b 82 40 01 

Register to memory mapping:

RAX=0x00007f93dcc5acf8 is pointing into metadata
RBX=0x00000000000000e8 is an unknown value
RCX=0x00000000fbf4b140 is an oop
[C 
 - klass: {type array char}
 - length: 29
RDX=0x00000000fbf4b0e0 is an oop
com.android.dx.rop.cst.CstFieldRef 
 - klass: 'com/android/dx/rop/cst/CstFieldRef'
RSP=0x00007f93e0b6c240 is pointing into the stack for thread: 0x00007f93d800a000
RBP=0x00007f93e0b6c588 is pointing into the stack for thread: 0x00007f93d800a000
RSI=0x00000000fbf4b1b8 is an oop

[error occurred during error reporting (printing register info), id 0xb]

Stack: [0x00007f93e0a6d000,0x00007f93e0b6e000],  sp=0x00007f93e0b6c240,  free space=1020k
Native frames: (J=compiled Java code, j=interpreted, Vv=VM code, C=native code)
J 556 C1 com.android.dx.rop.cst.CstFieldRef.compareTo0(Lcom/android/dx/rop/cst/Constant;)I (43 bytes) @ 0x00007f93c920afaa [0x00007f93c920aa40+0x56a]
J 963 C2 com.android.dx.rop.cst.Constant.compareTo(Ljava/lang/Object;)I (9 bytes) @ 0x00007f93c94c72a8 [0x00007f93c94c7240+0x68]
J 862 C1 java.util.TreeMap.getEntry(Ljava/lang/Object;)Ljava/util/TreeMap$Entry; (84 bytes) @ 0x00007f93c92c97ac [0x00007f93c92c96c0+0xec]
J 1784 C1 com.android.dx.dex.file.FieldIdsSection.intern(Lcom/android/dx/rop/cst/CstFieldRef;)Lcom/android/dx/dex/file/FieldIdItem; (55 bytes) @ 0x00007f93c95f2f44 [0x00007f93c95f2de0+0x164]
J 2584 C1 com.android.dx.dex.file.ClassDataItem.addContents(Lcom/android/dx/dex/file/DexFile;)V (207 bytes) @ 0x00007f93c97d8074 [0x00007f93c97d7d40+0x334]
j  com.android.dx.dex.file.MixedItemSection.prepare0()V+44
j  com.android.dx.dex.file.Section.prepare()V+5
j  com.android.dx.dex.file.DexFile.toDex0(ZZ)Lcom/android/dx/util/ByteArrayAnnotatedOutput;+11
j  com.android.dx.dex.file.DexFile.toDex(Ljava/io/Writer;Z)[B+13
j  com.android.dx.command.dexer.Main.writeDex(Lcom/android/dx/dex/file/DexFile;)[B+44
j  com.android.dx.command.dexer.Main.runMonoDex()I+106
j  com.android.dx.command.dexer.Main.run(Lcom/android/dx/command/dexer/Main$Arguments;)I+76
j  com.android.dx.command.dexer.Main.main([Ljava/lang/String;)V+14
j  com.android.dx.command.Main.main([Ljava/lang/String;)V+61
v  ~StubRoutines::call_stub
V  [libjvm.so+0x690dd6]  JavaCalls::call_helper(JavaValue*, methodHandle*, JavaCallArguments*, Thread*)+0x1056
V  [libjvm.so+0x6d21e2]  jni_invoke_static(JNIEnv_*, JavaValue*, _jobject*, JNICallType, _jmethodID*, JNI_ArgumentPusher*, Thread*)+0x362
V  [libjvm.so+0x6eea4a]  jni_CallStaticVoidMethod+0x17a
C  [libjli.so+0x7bdf]  JavaMain+0x81f
C  [libpthread.so.0+0x8184]  start_thread+0xc4


---------------  P R O C E S S  ---------------

Java Threads: ( => current thread )
  0x00007f93d80c1000 JavaThread "Service Thread" daemon [_thread_blocked, id=4206, stack(0x00007f93b9519000,0x00007f93b961a000)]
  0x00007f93d80be000 JavaThread "C1 CompilerThread2" daemon [_thread_blocked, id=4205, stack(0x00007f93b961a000,0x00007f93b971b000)]
  0x00007f93d80bc800 JavaThread "C2 CompilerThread1" daemon [_thread_in_native, id=4204, stack(0x00007f93b971b000,0x00007f93b981c000)]
  0x00007f93d80b9800 JavaThread "C2 CompilerThread0" daemon [_thread_in_native, id=4203, stack(0x00007f93b981c000,0x00007f93b991d000)]
  0x00007f93d80b8000 JavaThread "Signal Dispatcher" daemon [_thread_blocked, id=4202, stack(0x00007f93c808e000,0x00007f93c818f000)]
  0x00007f93d8084000 JavaThread "Finalizer" daemon [_thread_blocked, id=4201, stack(0x00007f93c818f000,0x00007f93c8290000)]
  0x00007f93d807f800 JavaThread "Reference Handler" daemon [_thread_blocked, id=4200, stack(0x00007f93c8290000,0x00007f93c8391000)]
=>0x00007f93d800a000 JavaThread "main" [_thread_in_Java, id=4186, stack(0x00007f93e0a6d000,0x00007f93e0b6e000)]

Other Threads:
  0x00007f93d8078000 VMThread [stack: 0x00007f93c8391000,0x00007f93c8492000] [id=4198]
  0x00007f93d80c4000 WatcherThread [stack: 0x00007f93b9418000,0x00007f93b9519000] [id=4207]

VM state:not at safepoint (normal execution)

VM Mutex/Monitor currently owned by a thread: None

Heap:
 PSYoungGen      total 265728K, used 95221K [0x00000000eab00000, 0x00000000fe000000, 0x0000000100000000)
  eden space 238080K, 28% used [0x00000000eab00000,0x00000000eed04b80,0x00000000f9380000)
  from space 27648K, 99% used [0x00000000fb600000,0x00000000fd0f8948,0x00000000fd100000)
  to   space 35328K, 0% used [0x00000000f9380000,0x00000000f9380000,0x00000000fb600000)
 ParOldGen       total 83456K, used 50057K [0x00000000c0000000, 0x00000000c5180000, 0x00000000eab00000)
  object space 83456K, 59% used [0x00000000c0000000,0x00000000c30e24d0,0x00000000c5180000)
 Metaspace       used 6467K, capacity 7256K, committed 7424K, reserved 1056768K
  class space    used 623K, capacity 656K, committed 768K, reserved 1048576K

Card table byte_map: [0x00007f93dd61b000,0x00007f93dd81c000] byte_map_base: 0x00007f93dd01b000

Marking Bits: (ParMarkBitMap*) 0x00007f93dff3ec80
 Begin Bits: [0x00007f93ba000000, 0x00007f93bb000000)
 End Bits:   [0x00007f93bb000000, 0x00007f93bc000000)

Polling page: 0x00007f93e0b8b000

CodeCache: size=245760Kb used=8020Kb max_used=8020Kb free=237739Kb
 bounds [0x00007f93c9000000, 0x00007f93c97e0000, 0x00007f93d8000000]
 total_blobs=2312 nmethods=2050 adapters=176
 compilation: enabled

Compilation events (10 events):
Event: 17,488 Thread 0x00007f93d80be000 2580       2       java.util.ComparableTimSort::binarySort (223 bytes)
Event: 17,489 Thread 0x00007f93d80be000 nmethod 2580 0x00007f93c97d3dd0 code [0x00007f93c97d3f80, 0x00007f93c97d4598]
Event: 17,489 Thread 0x00007f93d80be000 2581       2       java.util.ComparableTimSort::countRunAndMakeAscending (123 bytes)
Event: 17,490 Thread 0x00007f93d80be000 nmethod 2581 0x00007f93c97d49d0 code [0x00007f93c97d4ba0, 0x00007f93c97d51e8]
Event: 17,490 Thread 0x00007f93d80be000 2582       2       com.android.dx.dex.file.EncodedField::addContents (15 bytes)
Event: 17,490 Thread 0x00007f93d80be000 nmethod 2582 0x00007f93c97d5690 code [0x00007f93c97d5800, 0x00007f93c97d5988]
Event: 17,492 Thread 0x00007f93d80be000 2583       2       com.android.dx.dex.file.ClassDataItem::makeStaticValuesConstant (173 bytes)
Event: 17,495 Thread 0x00007f93d80be000 nmethod 2583 0x00007f93c97d5a90 code [0x00007f93c97d5d60, 0x00007f93c97d6a38]
Event: 17,499 Thread 0x00007f93d80be000 2584       2       com.android.dx.dex.file.ClassDataItem::addContents (207 bytes)
Event: 17,503 Thread 0x00007f93d80be000 nmethod 2584 0x00007f93c97d7ad0 code [0x00007f93c97d7d40, 0x00007f93c97d8778]

GC Heap History (10 events):
Event: 8,685 GC heap before
{Heap before GC invocations=4 (full 0):
 PSYoungGen      total 36352K, used 36337K [0x00000000eab00000, 0x00000000ef200000, 0x0000000100000000)
  eden space 31232K, 100% used [0x00000000eab00000,0x00000000ec980000,0x00000000ec980000)
  from space 5120K, 99% used [0x00000000ec980000,0x00000000ece7c7d0,0x00000000ece80000)
  to   space 5120K, 0% used [0x00000000eed00000,0x00000000eed00000,0x00000000ef200000)
 ParOldGen       total 83456K, used 11697K [0x00000000c0000000, 0x00000000c5180000, 0x00000000eab00000)
  object space 83456K, 14% used [0x00000000c0000000,0x00000000c0b6c5d0,0x00000000c5180000)
 Metaspace       used 5842K, capacity 6896K, committed 7040K, reserved 1056768K
  class space    used 597K, capacity 616K, committed 640K, reserved 1048576K
Event: 8,871 GC heap after
Heap after GC invocations=4 (full 0):
 PSYoungGen      total 67584K, used 5111K [0x00000000eab00000, 0x00000000ef200000, 0x0000000100000000)
  eden space 62464K, 0% used [0x00000000eab00000,0x00000000eab00000,0x00000000ee800000)
  from space 5120K, 99% used [0x00000000eed00000,0x00000000ef1fde18,0x00000000ef200000)
  to   space 5120K, 0% used [0x00000000ee800000,0x00000000ee800000,0x00000000eed00000)
 ParOldGen       total 83456K, used 16678K [0x00000000c0000000, 0x00000000c5180000, 0x00000000eab00000)
  object space 83456K, 19% used [0x00000000c0000000,0x00000000c1049a20,0x00000000c5180000)
 Metaspace       used 5842K, capacity 6896K, committed 7040K, reserved 1056768K
  class space    used 597K, capacity 616K, committed 640K, reserved 1048576K
}
Event: 11,883 GC heap before
{Heap before GC invocations=5 (full 0):
 PSYoungGen      total 67584K, used 67575K [0x00000000eab00000, 0x00000000ef200000, 0x0000000100000000)
  eden space 62464K, 100% used [0x00000000eab00000,0x00000000ee800000,0x00000000ee800000)
  from space 5120K, 99% used [0x00000000eed00000,0x00000000ef1fde18,0x00000000ef200000)
  to   space 5120K, 0% used [0x00000000ee800000,0x00000000ee800000,0x00000000eed00000)
 ParOldGen       total 83456K, used 16678K [0x00000000c0000000, 0x00000000c5180000, 0x00000000eab00000)
  object space 83456K, 19% used [0x00000000c0000000,0x00000000c1049a20,0x00000000c5180000)
 Metaspace       used 6015K, capacity 7000K, committed 7168K, reserved 1056768K
  class space    used 617K, capacity 656K, committed 768K, reserved 1048576K
Event: 11,998 GC heap after
Heap after GC invocations=5 (full 0):
 PSYoungGen      total 67584K, used 5090K [0x00000000eab00000, 0x00000000f4300000, 0x0000000100000000)
  eden space 62464K, 0% used [0x00000000eab00000,0x00000000eab00000,0x00000000ee800000)
  from space 5120K, 99% used [0x00000000ee800000,0x00000000eecf89a8,0x00000000eed00000)
  to   space 15360K, 0% used [0x00000000f3400000,0x00000000f3400000,0x00000000f4300000)
 ParOldGen       total 83456K, used 26906K [0x00000000c0000000, 0x00000000c5180000, 0x00000000eab00000)
  object space 83456K, 32% used [0x00000000c0000000,0x00000000c1a469d0,0x00000000c5180000)
 Metaspace       used 6015K, capacity 7000K, committed 7168K, reserved 1056768K
  class space    used 617K, capacity 656K, committed 768K, reserved 1048576K
}
Event: 13,136 GC heap before
{Heap before GC invocations=6 (full 0):
 PSYoungGen      total 67584K, used 67554K [0x00000000eab00000, 0x00000000f4300000, 0x0000000100000000)
  eden space 62464K, 100% used [0x00000000eab00000,0x00000000ee800000,0x00000000ee800000)
  from space 5120K, 99% used [0x00000000ee800000,0x00000000eecf89a8,0x00000000eed00000)
  to   space 15360K, 0% used [0x00000000f3400000,0x00000000f3400000,0x00000000f4300000)
 ParOldGen       total 83456K, used 26906K [0x00000000c0000000, 0x00000000c5180000, 0x00000000eab00000)
  object space 83456K, 32% used [0x00000000c0000000,0x00000000c1a469d0,0x00000000c5180000)
 Metaspace       used 6096K, capacity 7064K, committed 7424K, reserved 1056768K
  class space    used 617K, capacity 656K, committed 768K, reserved 1048576K
Event: 13,287 GC heap after
Heap after GC invocations=6 (full 0):
 PSYoungGen      total 138240K, used 15349K [0x00000000eab00000, 0x00000000f4700000, 0x0000000100000000)
  eden space 122880K, 0% used [0x00000000eab00000,0x00000000eab00000,0x00000000f2300000)
  from space 15360K, 99% used [0x00000000f3400000,0x00000000f42fd650,0x00000000f4300000)
  to   space 17408K, 0% used [0x00000000f2300000,0x00000000f2300000,0x00000000f3400000)
 ParOldGen       total 83456K, used 26906K [0x00000000c0000000, 0x00000000c5180000, 0x00000000eab00000)
  object space 83456K, 32% used [0x00000000c0000000,0x00000000c1a469d0,0x00000000c5180000)
 Metaspace       used 6096K, capacity 7064K, committed 7424K, reserved 1056768K
  class space    used 617K, capacity 656K, committed 768K, reserved 1048576K
}
Event: 14,735 GC heap before
{Heap before GC invocations=7 (full 0):
 PSYoungGen      total 138240K, used 138229K [0x00000000eab00000, 0x00000000f4700000, 0x0000000100000000)
  eden space 122880K, 100% used [0x00000000eab00000,0x00000000f2300000,0x00000000f2300000)
  from space 15360K, 99% used [0x00000000f3400000,0x00000000f42fd650,0x00000000f4300000)
  to   space 17408K, 0% used [0x00000000f2300000,0x00000000f2300000,0x00000000f3400000)
 ParOldGen       total 83456K, used 26906K [0x00000000c0000000, 0x00000000c5180000, 0x00000000eab00000)
  object space 83456K, 32% used [0x00000000c0000000,0x00000000c1a469d0,0x00000000c5180000)
 Metaspace       used 6262K, capacity 7192K, committed 7424K, reserved 1056768K
  class space    used 618K, capacity 656K, committed 768K, reserved 1048576K
Event: 14,907 GC heap after
Heap after GC invocations=7 (full 0):
 PSYoungGen      total 140288K, used 17377K [0x00000000eab00000, 0x00000000fd100000, 0x0000000100000000)
  eden space 122880K, 0% used [0x00000000eab00000,0x00000000eab00000,0x00000000f2300000)
  from space 17408K, 99% used [0x00000000f2300000,0x00000000f33f84e8,0x00000000f3400000)
  to   space 27648K, 0% used [0x00000000fb600000,0x00000000fb600000,0x00000000fd100000)
 ParOldGen       total 83456K, used 42392K [0x00000000c0000000, 0x00000000c5180000, 0x00000000eab00000)
  object space 83456K, 50% used [0x00000000c0000000,0x00000000c2966238,0x00000000c5180000)
 Metaspace       used 6262K, capacity 7192K, committed 7424K, reserved 1056768K
  class space    used 618K, capacity 656K, committed 768K, reserved 1048576K
}
Event: 16,301 GC heap before
{Heap before GC invocations=8 (full 0):
 PSYoungGen      total 140288K, used 140257K [0x00000000eab00000, 0x00000000fd100000, 0x0000000100000000)
  eden space 122880K, 100% used [0x00000000eab00000,0x00000000f2300000,0x00000000f2300000)
  from space 17408K, 99% used [0x00000000f2300000,0x00000000f33f84e8,0x00000000f3400000)
  to   space 27648K, 0% used [0x00000000fb600000,0x00000000fb600000,0x00000000fd100000)
 ParOldGen       total 83456K, used 42392K [0x00000000c0000000, 0x00000000c5180000, 0x00000000eab00000)
  object space 83456K, 50% used [0x00000000c0000000,0x00000000c2966238,0x00000000c5180000)
 Metaspace       used 6371K, capacity 7256K, committed 7424K, reserved 1056768K
  class space    used 618K, capacity 656K, committed 768K, reserved 1048576K
Event: 16,503 GC heap after
Heap after GC invocations=8 (full 0):
 PSYoungGen      total 265728K, used 27618K [0x00000000eab00000, 0x00000000fe000000, 0x0000000100000000)
  eden space 238080K, 0% used [0x00000000eab00000,0x00000000eab00000,0x00000000f9380000)
  from space 27648K, 99% used [0x00000000fb600000,0x00000000fd0f8948,0x00000000fd100000)
  to   space 35328K, 0% used [0x00000000f9380000,0x00000000f9380000,0x00000000fb600000)
 ParOldGen       total 83456K, used 50057K [0x00000000c0000000, 0x00000000c5180000, 0x00000000eab00000)
  object space 83456K, 59% used [0x00000000c0000000,0x00000000c30e24d0,0x00000000c5180000)
 Metaspace       used 6371K, capacity 7256K, committed 7424K, reserved 1056768K
  class space    used 618K, capacity 656K, committed 768K, reserved 1048576K
}

Deoptimization events (10 events):
Event: 8,899 Thread 0x00007f93d800a000 Uncommon trap: reason=bimorphic action=maybe_recompile pc=0x00007f93c9213068 method=java.util.HashMap.getNode(ILjava/lang/Object;)Ljava/util/HashMap$Node; @ 126
Event: 9,511 Thread 0x00007f93d800a000 Uncommon trap: reason=unstable_if action=reinterpret pc=0x00007f93c92a6f3c method=java.util.HashMap.putVal(ILjava/lang/Object;Ljava/lang/Object;ZZ)Ljava/lang/Object; @ 162
Event: 9,588 Thread 0x00007f93d800a000 Uncommon trap: reason=unstable_if action=reinterpret pc=0x00007f93c944abec method=java.util.HashMap.getNode(ILjava/lang/Object;)Ljava/util/HashMap$Node; @ 84
Event: 10,323 Thread 0x00007f93d8139800 Uncommon trap: reason=unstable_if action=reinterpret pc=0x00007f93c9453a3c method=com.android.dx.ssa.SsaRenamer$BlockRenamer.visitMoveInsn(Lcom/android/dx/ssa/NormalSsaInsn;)V @ 104
Event: 10,870 Thread 0x00007f93d800a000 Uncommon trap: reason=unstable_if action=reinterpret pc=0x00007f93c9211898 method=java.lang.String.<init>([CII)V @ 18
Event: 17,392 Thread 0x00007f93d800a000 Uncommon trap: reason=class_check action=maybe_recompile pc=0x00007f93c96d75f8 method=java.util.Arrays.hashCode([Ljava/lang/Object;)I @ 43
Event: 17,392 Thread 0x00007f93d800a000 Uncommon trap: reason=class_check action=maybe_recompile pc=0x00007f93c96d75f8 method=java.util.Arrays.hashCode([Ljava/lang/Object;)I @ 43
Event: 17,392 Thread 0x00007f93d800a000 Uncommon trap: reason=class_check action=maybe_recompile pc=0x00007f93c96d75f8 method=java.util.Arrays.hashCode([Ljava/lang/Object;)I @ 43
Event: 17,392 Thread 0x00007f93d800a000 Uncommon trap: reason=class_check action=maybe_recompile pc=0x00007f93c96d75f8 method=java.util.Arrays.hashCode([Ljava/lang/Object;)I @ 43
Event: 17,393 Thread 0x00007f93d800a000 Uncommon trap: reason=class_check action=maybe_recompile pc=0x00007f93c946dc78 method=java.util.Arrays.hashCode([Ljava/lang/Object;)I @ 43

Internal exceptions (7 events):
Event: 0,198 Thread 0x00007f93d800a000 Exception <a 'java/lang/NoSuchMethodError': Method sun.misc.Unsafe.defineClass(Ljava/lang/String;[BII)Ljava/lang/Class; name or signature does not match> (0x00000000eab07ca8) thrown at [/HUDSON3/workspace/8-2-build-linux-amd64/jdk8u121/8372/hotspot/src/sh
Event: 0,198 Thread 0x00007f93d800a000 Exception <a 'java/lang/NoSuchMethodError': Method sun.misc.Unsafe.prefetchRead(Ljava/lang/Object;J)V name or signature does not match> (0x00000000eab07f90) thrown at [/HUDSON3/workspace/8-2-build-linux-amd64/jdk8u121/8372/hotspot/src/share/vm/prims/jni.c
Event: 5,045 Thread 0x00007f93d813d000 Implicit null exception at 0x00007f93c92e747c to 0x00007f93c92e9fc5
Event: 9,515 Thread 0x00007f93d800a000 Exception <a 'java/lang/ArrayIndexOutOfBoundsException': 18> (0x00000000eb435920) thrown at [/HUDSON3/workspace/8-2-build-linux-amd64/jdk8u121/8372/hotspot/src/share/vm/interpreter/interpreterRuntime.cpp, line 366]
Event: 9,560 Thread 0x00007f93d800a000 Exception <a 'java/lang/ArrayIndexOutOfBoundsException': 145> (0x00000000eb4374a0) thrown at [/HUDSON3/workspace/8-2-build-linux-amd64/jdk8u121/8372/hotspot/src/share/vm/interpreter/interpreterRuntime.cpp, line 366]
Event: 9,562 Thread 0x00007f93d800a000 Exception <a 'java/lang/ArrayIndexOutOfBoundsException': 40> (0x00000000eb438788) thrown at [/HUDSON3/workspace/8-2-build-linux-amd64/jdk8u121/8372/hotspot/src/share/vm/interpreter/interpreterRuntime.cpp, line 366]
Event: 17,539 Thread 0x00007f93d800a000 Implicit null exception at 0x00007f93c920afaa to 0x0000000000000000

Events (10 events):
Event: 17,392 Thread 0x00007f93d800a000 DEOPT PACKING pc=0x00007f93c96d75f8 sp=0x00007f93e0b6bf50
Event: 17,392 Thread 0x00007f93d800a000 DEOPT UNPACKING pc=0x00007f93c9005229 sp=0x00007f93e0b6bea0 mode 2
Event: 17,392 loading class java/util/ComparableTimSort
Event: 17,392 loading class java/util/ComparableTimSort done
Event: 17,393 Thread 0x00007f93d800a000 Uncommon trap: trap_request=0xffffffde fr.pc=0x00007f93c946dc78
Event: 17,393 Thread 0x00007f93d800a000 DEOPT PACKING pc=0x00007f93c946dc78 sp=0x00007f93e0b6c280
Event: 17,393 Thread 0x00007f93d800a000 DEOPT UNPACKING pc=0x00007f93c9005229 sp=0x00007f93e0b6c228 mode 2
Event: 17,394 Thread 0x00007f93d813d000 Thread exited: 0x00007f93d813d000
Event: 17,400 loading class com/android/dx/rop/cst/Zeroes
Event: 17,400 loading class com/android/dx/rop/cst/Zeroes done


Dynamic libraries:
00400000-00401000 r-xp 00000000 08:07 538586                             /usr/lib/jvm/java-8-oracle/bin/java
00600000-00601000 rw-p 00000000 08:07 538586                             /usr/lib/jvm/java-8-oracle/bin/java
01049000-0106a000 rw-p 00000000 00:00 0                                  [heap]
c0000000-c5180000 rw-p 00000000 00:00 0 
c5180000-eab00000 ---p 00000000 00:00 0 
eab00000-fe000000 rw-p 00000000 00:00 0 
fe000000-100000000 ---p 00000000 00:00 0 
100000000-1000c0000 rw-p 00000000 00:00 0 
1000c0000-140000000 ---p 00000000 00:00 0 
7f9378000000-7f9378021000 rw-p 00000000 00:00 0 
7f9378021000-7f937c000000 ---p 00000000 00:00 0 
7f9380000000-7f938002a000 rw-p 00000000 00:00 0 
7f938002a000-7f9384000000 ---p 00000000 00:00 0 
7f9384000000-7f9384021000 rw-p 00000000 00:00 0 
7f9384021000-7f9388000000 ---p 00000000 00:00 0 
7f9388000000-7f938802b000 rw-p 00000000 00:00 0 
7f938802b000-7f938c000000 ---p 00000000 00:00 0 
7f938c000000-7f938c021000 rw-p 00000000 00:00 0 
7f938c021000-7f9390000000 ---p 00000000 00:00 0 
7f9390000000-7f9390021000 rw-p 00000000 00:00 0 
7f9390021000-7f9394000000 ---p 00000000 00:00 0 
7f9394000000-7f9394021000 rw-p 00000000 00:00 0 
7f9394021000-7f9398000000 ---p 00000000 00:00 0 
7f9398000000-7f939875a000 rw-p 00000000 00:00 0 
7f939875a000-7f939c000000 ---p 00000000 00:00 0 
7f939c000000-7f939ca52000 rw-p 00000000 00:00 0 
7f939ca52000-7f93a0000000 ---p 00000000 00:00 0 
7f93a0000000-7f93a0021000 rw-p 00000000 00:00 0 
7f93a0021000-7f93a4000000 ---p 00000000 00:00 0 
7f93a4000000-7f93a4a13000 rw-p 00000000 00:00 0 
7f93a4a13000-7f93a8000000 ---p 00000000 00:00 0 
7f93a8000000-7f93a8021000 rw-p 00000000 00:00 0 
7f93a8021000-7f93ac000000 ---p 00000000 00:00 0 
7f93ac000000-7f93ac021000 rw-p 00000000 00:00 0 
7f93ac021000-7f93b0000000 ---p 00000000 00:00 0 
7f93b0000000-7f93b0021000 rw-p 00000000 00:00 0 
7f93b0021000-7f93b4000000 ---p 00000000 00:00 0 
7f93b4000000-7f93b4021000 rw-p 00000000 00:00 0 
7f93b4021000-7f93b8000000 ---p 00000000 00:00 0 
7f93b8f13000-7f93b8f16000 ---p 00000000 00:00 0 
7f93b8f16000-7f93b9014000 rw-p 00000000 00:00 0 
7f93b9014000-7f93b9017000 ---p 00000000 00:00 0 
7f93b9017000-7f93b9115000 rw-p 00000000 00:00 0 
7f93b9115000-7f93b9118000 ---p 00000000 00:00 0 
7f93b9118000-7f93b9216000 rw-p 00000000 00:00 0 
7f93b9216000-7f93b9219000 ---p 00000000 00:00 0 
7f93b9219000-7f93b9317000 rw-p 00000000 00:00 0 
7f93b9317000-7f93b931a000 ---p 00000000 00:00 0 
7f93b931a000-7f93b9418000 rw-p 00000000 00:00 0 
7f93b9418000-7f93b9419000 ---p 00000000 00:00 0 
7f93b9419000-7f93b9519000 rw-p 00000000 00:00 0 
7f93b9519000-7f93b951c000 ---p 00000000 00:00 0 
7f93b951c000-7f93b961a000 rw-p 00000000 00:00 0 
7f93b961a000-7f93b961d000 ---p 00000000 00:00 0 
7f93b961d000-7f93b971b000 rw-p 00000000 00:00 0 
7f93b971b000-7f93b971e000 ---p 00000000 00:00 0 
7f93b971e000-7f93b981c000 rw-p 00000000 00:00 0 
7f93b981c000-7f93b981f000 ---p 00000000 00:00 0 
7f93b981f000-7f93b991d000 rw-p 00000000 00:00 0 
7f93b991d000-7f93ba000000 r--p 00000000 08:07 269742                     /usr/lib/locale/locale-archive
7f93ba000000-7f93bc000000 rw-p 00000000 00:00 0 
7f93bc000000-7f93bc021000 rw-p 00000000 00:00 0 
7f93bc021000-7f93c0000000 ---p 00000000 00:00 0 
7f93c0000000-7f93c0021000 rw-p 00000000 00:00 0 
7f93c0021000-7f93c4000000 ---p 00000000 00:00 0 
7f93c4000000-7f93c4021000 rw-p 00000000 00:00 0 
7f93c4021000-7f93c8000000 ---p 00000000 00:00 0 
7f93c808e000-7f93c8091000 ---p 00000000 00:00 0 
7f93c8091000-7f93c818f000 rw-p 00000000 00:00 0 
7f93c818f000-7f93c8192000 ---p 00000000 00:00 0 
7f93c8192000-7f93c8290000 rw-p 00000000 00:00 0 
7f93c8290000-7f93c8293000 ---p 00000000 00:00 0 
7f93c8293000-7f93c8391000 rw-p 00000000 00:00 0 
7f93c8391000-7f93c8392000 ---p 00000000 00:00 0 
7f93c8392000-7f93c9000000 rw-p 00000000 00:00 0 
7f93c9000000-7f93c97e0000 rwxp 00000000 00:00 0 
7f93c97e0000-7f93d8000000 ---p 00000000 00:00 0 
7f93d8000000-7f93d843d000 rw-p 00000000 00:00 0 
7f93d843d000-7f93dc000000 ---p 00000000 00:00 0 
7f93dc01f000-7f93dc472000 rw-p 00000000 00:00 0 
7f93dc472000-7f93dc64b000 r--s 03d3e000 08:07 538840                     /usr/lib/jvm/java-8-oracle/jre/lib/rt.jar
7f93dc64b000-7f93dcd41000 rw-p 00000000 00:00 0 
7f93dcd41000-7f93dcec1000 ---p 00000000 00:00 0 
7f93dcec1000-7f93dd0c1000 rw-p 00000000 00:00 0 
7f93dd0c1000-7f93dd0c2000 ---p 00000000 00:00 0 
7f93dd0c2000-7f93dd1c2000 rw-p 00000000 00:00 0 
7f93dd1c2000-7f93dd1c3000 ---p 00000000 00:00 0 
7f93dd1c3000-7f93dd2c3000 rw-p 00000000 00:00 0 
7f93dd2c3000-7f93dd2c4000 ---p 00000000 00:00 0 
7f93dd2c4000-7f93dd3c4000 rw-p 00000000 00:00 0 
7f93dd3c4000-7f93dd3c5000 ---p 00000000 00:00 0 
7f93dd3c5000-7f93dd4ee000 rw-p 00000000 00:00 0 
7f93dd4ee000-7f93dd61b000 ---p 00000000 00:00 0 
7f93dd61b000-7f93dd644000 rw-p 00000000 00:00 0 
7f93dd644000-7f93dd770000 ---p 00000000 00:00 0 
7f93dd770000-7f93dd80b000 rw-p 00000000 00:00 0 
7f93dd80b000-7f93dd81b000 ---p 00000000 00:00 0 
7f93dd81b000-7f93dd83c000 rw-p 00000000 00:00 0 
7f93dd83c000-7f93ddbdc000 ---p 00000000 00:00 0 
7f93ddbdc000-7f93ddbf6000 r-xp 00000000 08:07 538770                     /usr/lib/jvm/java-8-oracle/jre/lib/amd64/libzip.so
7f93ddbf6000-7f93dddf6000 ---p 0001a000 08:07 538770                     /usr/lib/jvm/java-8-oracle/jre/lib/amd64/libzip.so
7f93dddf6000-7f93dddf7000 rw-p 0001a000 08:07 538770                     /usr/lib/jvm/java-8-oracle/jre/lib/amd64/libzip.so
7f93dddf7000-7f93dde01000 r-xp 00000000 08:07 2236035                    /lib/x86_64-linux-gnu/libnss_files-2.19.so
7f93dde01000-7f93de000000 ---p 0000a000 08:07 2236035                    /lib/x86_64-linux-gnu/libnss_files-2.19.so
7f93de000000-7f93de001000 r--p 00009000 08:07 2236035                    /lib/x86_64-linux-gnu/libnss_files-2.19.so
7f93de001000-7f93de002000 rw-p 0000a000 08:07 2236035                    /lib/x86_64-linux-gnu/libnss_files-2.19.so
7f93de002000-7f93de00d000 r-xp 00000000 08:07 2236020                    /lib/x86_64-linux-gnu/libnss_nis-2.19.so
7f93de00d000-7f93de20c000 ---p 0000b000 08:07 2236020                    /lib/x86_64-linux-gnu/libnss_nis-2.19.so
7f93de20c000-7f93de20d000 r--p 0000a000 08:07 2236020                    /lib/x86_64-linux-gnu/libnss_nis-2.19.so
7f93de20d000-7f93de20e000 rw-p 0000b000 08:07 2236020                    /lib/x86_64-linux-gnu/libnss_nis-2.19.so
7f93de20e000-7f93de225000 r-xp 00000000 08:07 2236029                    /lib/x86_64-linux-gnu/libnsl-2.19.so
7f93de225000-7f93de424000 ---p 00017000 08:07 2236029                    /lib/x86_64-linux-gnu/libnsl-2.19.so
7f93de424000-7f93de425000 r--p 00016000 08:07 2236029                    /lib/x86_64-linux-gnu/libnsl-2.19.so
7f93de425000-7f93de426000 rw-p 00017000 08:07 2236029                    /lib/x86_64-linux-gnu/libnsl-2.19.so
7f93de426000-7f93de428000 rw-p 00000000 00:00 0 
7f93de428000-7f93de431000 r-xp 00000000 08:07 2236027                    /lib/x86_64-linux-gnu/libnss_compat-2.19.so
7f93de431000-7f93de630000 ---p 00009000 08:07 2236027                    /lib/x86_64-linux-gnu/libnss_compat-2.19.so
7f93de630000-7f93de631000 r--p 00008000 08:07 2236027                    /lib/x86_64-linux-gnu/libnss_compat-2.19.so
7f93de631000-7f93de632000 rw-p 00009000 08:07 2236027                    /lib/x86_64-linux-gnu/libnss_compat-2.19.so
7f93de632000-7f93de65d000 r-xp 00000000 08:07 538784                     /usr/lib/jvm/java-8-oracle/jre/lib/amd64/libjava.so
7f93de65d000-7f93de85c000 ---p 0002b000 08:07 538784                     /usr/lib/jvm/java-8-oracle/jre/lib/amd64/libjava.so
7f93de85c000-7f93de85e000 rw-p 0002a000 08:07 538784                     /usr/lib/jvm/java-8-oracle/jre/lib/amd64/libjava.so
7f93de85e000-7f93de86b000 r-xp 00000000 08:07 538802                     /usr/lib/jvm/java-8-oracle/jre/lib/amd64/libverify.so
7f93de86b000-7f93dea6a000 ---p 0000d000 08:07 538802                     /usr/lib/jvm/java-8-oracle/jre/lib/amd64/libverify.so
7f93dea6a000-7f93dea6c000 rw-p 0000c000 08:07 538802                     /usr/lib/jvm/java-8-oracle/jre/lib/amd64/libverify.so
7f93dea6c000-7f93dea73000 r-xp 00000000 08:07 2236017                    /lib/x86_64-linux-gnu/librt-2.19.so
7f93dea73000-7f93dec72000 ---p 00007000 08:07 2236017                    /lib/x86_64-linux-gnu/librt-2.19.so
7f93dec72000-7f93dec73000 r--p 00006000 08:07 2236017                    /lib/x86_64-linux-gnu/librt-2.19.so
7f93dec73000-7f93dec74000 rw-p 00007000 08:07 2236017                    /lib/x86_64-linux-gnu/librt-2.19.so
7f93dec74000-7f93ded79000 r-xp 00000000 08:07 2236030                    /lib/x86_64-linux-gnu/libm-2.19.so
7f93ded79000-7f93def78000 ---p 00105000 08:07 2236030                    /lib/x86_64-linux-gnu/libm-2.19.so
7f93def78000-7f93def79000 r--p 00104000 08:07 2236030                    /lib/x86_64-linux-gnu/libm-2.19.so
7f93def79000-7f93def7a000 rw-p 00105000 08:07 2236030                    /lib/x86_64-linux-gnu/libm-2.19.so
7f93def7a000-7f93dfc48000 r-xp 00000000 08:07 538790                     /usr/lib/jvm/java-8-oracle/jre/lib/amd64/server/libjvm.so
7f93dfc48000-7f93dfe48000 ---p 00cce000 08:07 538790                     /usr/lib/jvm/java-8-oracle/jre/lib/amd64/server/libjvm.so
7f93dfe48000-7f93dff21000 rw-p 00cce000 08:07 538790                     /usr/lib/jvm/java-8-oracle/jre/lib/amd64/server/libjvm.so
7f93dff21000-7f93dff6c000 rw-p 00000000 00:00 0 
7f93dff6c000-7f93e012a000 r-xp 00000000 08:07 2236026                    /lib/x86_64-linux-gnu/libc-2.19.so
7f93e012a000-7f93e0329000 ---p 001be000 08:07 2236026                    /lib/x86_64-linux-gnu/libc-2.19.so
7f93e0329000-7f93e032d000 r--p 001bd000 08:07 2236026                    /lib/x86_64-linux-gnu/libc-2.19.so
7f93e032d000-7f93e032f000 rw-p 001c1000 08:07 2236026                    /lib/x86_64-linux-gnu/libc-2.19.so
7f93e032f000-7f93e0334000 rw-p 00000000 00:00 0 
7f93e0334000-7f93e0337000 r-xp 00000000 08:07 2236036                    /lib/x86_64-linux-gnu/libdl-2.19.so
7f93e0337000-7f93e0536000 ---p 00003000 08:07 2236036                    /lib/x86_64-linux-gnu/libdl-2.19.so
7f93e0536000-7f93e0537000 r--p 00002000 08:07 2236036                    /lib/x86_64-linux-gnu/libdl-2.19.so
7f93e0537000-7f93e0538000 rw-p 00003000 08:07 2236036                    /lib/x86_64-linux-gnu/libdl-2.19.so
7f93e0538000-7f93e054d000 r-xp 00000000 08:07 536993                     /usr/lib/jvm/java-8-oracle/lib/amd64/jli/libjli.so
7f93e054d000-7f93e074d000 ---p 00015000 08:07 536993                     /usr/lib/jvm/java-8-oracle/lib/amd64/jli/libjli.so
7f93e074d000-7f93e074e000 rw-p 00015000 08:07 536993                     /usr/lib/jvm/java-8-oracle/lib/amd64/jli/libjli.so
7f93e074e000-7f93e0767000 r-xp 00000000 08:07 2236037                    /lib/x86_64-linux-gnu/libpthread-2.19.so
7f93e0767000-7f93e0966000 ---p 00019000 08:07 2236037                    /lib/x86_64-linux-gnu/libpthread-2.19.so
7f93e0966000-7f93e0967000 r--p 00018000 08:07 2236037                    /lib/x86_64-linux-gnu/libpthread-2.19.so
7f93e0967000-7f93e0968000 rw-p 00019000 08:07 2236037                    /lib/x86_64-linux-gnu/libpthread-2.19.so
7f93e0968000-7f93e096c000 rw-p 00000000 00:00 0 
7f93e096c000-7f93e098f000 r-xp 00000000 08:07 2236034                    /lib/x86_64-linux-gnu/ld-2.19.so
7f93e0992000-7f93e0a6d000 rw-p 00000000 00:00 0 
7f93e0a6d000-7f93e0a70000 ---p 00000000 00:00 0 
7f93e0a70000-7f93e0b73000 rw-p 00000000 00:00 0 
7f93e0b73000-7f93e0b82000 r--s 000df000 08:07 1598813                    /home/maulana/Android/Sdk/build-tools/23.0.1/lib/dx.jar
7f93e0b82000-7f93e0b8a000 rw-s 00000000 08:07 1572990                    /tmp/hsperfdata_maulana/4183
7f93e0b8a000-7f93e0b8b000 rw-p 00000000 00:00 0 
7f93e0b8b000-7f93e0b8c000 r--p 00000000 00:00 0 
7f93e0b8c000-7f93e0b8e000 rw-p 00000000 00:00 0 
7f93e0b8e000-7f93e0b8f000 r--p 00022000 08:07 2236034                    /lib/x86_64-linux-gnu/ld-2.19.so
7f93e0b8f000-7f93e0b90000 rw-p 00023000 08:07 2236034                    /lib/x86_64-linux-gnu/ld-2.19.so
7f93e0b90000-7f93e0b91000 rw-p 00000000 00:00 0 
7ffd0b08a000-7ffd0b0ac000 rw-p 00000000 00:00 0                          [stack]
7ffd0b1fc000-7ffd0b1fe000 r--p 00000000 00:00 0                          [vvar]
7ffd0b1fe000-7ffd0b200000 r-xp 00000000 00:00 0                          [vdso]
ffffffffff600000-ffffffffff601000 r-xp 00000000 00:00 0                  [vsyscall]

VM Arguments:
jvm_args: -Djava.awt.headless=true -Xmx1024M -Dfile.encoding=UTF-8 -Duser.country=US -Duser.language=en -Duser.variant 
java_command: com.android.dx.command.Main --dex --num-threads=4 --output /home/maulana/Desktop/react-native/personal-finance/Dofin/android/app/build/intermediates/pre-dexed/debug/com.facebook.react-react-native-0.44.0_33f63307673d4c0d775d5bee57d799ad8aab2a00.jar /home/maulana/Desktop/react-native/personal-finance/Dofin/android/app/build/intermediates/exploded-aar/com.facebook.react/react-native/0.44.0/jars/classes.jar
java_class_path (initial): /home/maulana/Android/Sdk/build-tools/23.0.1/lib/dx.jar
Launcher Type: SUN_STANDARD

Environment Variables:
JAVA_HOME=/usr/lib/jvm/java-8-oracle/
PATH=/home/maulana/.local/bin:/usr/local/heroku/bin:/usr/local/heroku/bin:/home/maulana/.local/bin:/usr/local/sbin:/usr/local/bin:/usr/sbin:/usr/bin:/sbin:/bin:/usr/games:/usr/local/games:/usr/lib/jvm/java-8-oracle/bin:/usr/lib/jvm/java-8-oracle/db/bin:/usr/lib/jvm/java-8-oracle/jre/bin:/home/maulana/bin:/usr/lib/jvm/java-8-oracle//bin:/home/maulana/Android/Sdk/tools:/home/maulana/Android/Sdk/platform-tools:/usr/lib/jvm/java-8-oracle/bin:/usr/lib/jvm/java-8-oracle/db/bin:/usr/lib/jvm/java-8-oracle/jre/bin:/home/maulana/bin:/usr/lib/jvm/java-8-oracle//bin:/home/maulana/Android/Sdk/tools:/home/maulana/Android/Sdk/platform-tools
SHELL=/bin/bash
DISPLAY=:0

Signal Handlers:
SIGSEGV: [libjvm.so+0xac78c0], sa_mask[0]=11111111011111111101111111111110, sa_flags=SA_RESTART|SA_SIGINFO
SIGBUS: [libjvm.so+0xac78c0], sa_mask[0]=11111111011111111101111111111110, sa_flags=SA_RESTART|SA_SIGINFO
SIGFPE: [libjvm.so+0x920ac0], sa_mask[0]=11111111011111111101111111111110, sa_flags=SA_RESTART|SA_SIGINFO
SIGPIPE: [libjvm.so+0x920ac0], sa_mask[0]=11111111011111111101111111111110, sa_flags=SA_RESTART|SA_SIGINFO
SIGXFSZ: [libjvm.so+0x920ac0], sa_mask[0]=11111111011111111101111111111110, sa_flags=SA_RESTART|SA_SIGINFO
SIGILL: [libjvm.so+0x920ac0], sa_mask[0]=11111111011111111101111111111110, sa_flags=SA_RESTART|SA_SIGINFO
SIGUSR1: SIG_DFL, sa_mask[0]=00000000000000000000000000000000, sa_flags=none
SIGUSR2: [libjvm.so+0x922300], sa_mask[0]=00100000000000000000000000000000, sa_flags=SA_RESTART|SA_SIGINFO
SIGHUP: [libjvm.so+0x923700], sa_mask[0]=11111111011111111101111111111110, sa_flags=SA_RESTART|SA_SIGINFO
SIGINT: [libjvm.so+0x923700], sa_mask[0]=11111111011111111101111111111110, sa_flags=SA_RESTART|SA_SIGINFO
SIGTERM: [libjvm.so+0x923700], sa_mask[0]=11111111011111111101111111111110, sa_flags=SA_RESTART|SA_SIGINFO
SIGQUIT: [libjvm.so+0x923700], sa_mask[0]=11111111011111111101111111111110, sa_flags=SA_RESTART|SA_SIGINFO


---------------  S Y S T E M  ---------------

OS:DISTRIB_ID=Ubuntu
DISTRIB_RELEASE=14.04
DISTRIB_CODENAME=trusty
DISTRIB_DESCRIPTION="Ubuntu 14.04.5 LTS"

uname:Linux 4.4.0-75-generic #96~14.04.1-Ubuntu SMP Thu Apr 20 11:06:30 UTC 2017 x86_64
libc:glibc 2.19 NPTL 2.19 
rlimit: STACK 8192k, CORE 0k, NPROC 31019, NOFILE 4096, AS infinity
load average:9,51 3,37 1,28

/proc/meminfo:
MemTotal:        7966412 kB
MemFree:         2289636 kB
MemAvailable:    3961536 kB
Buffers:          469820 kB
Cached:          1248428 kB
SwapCached:            0 kB
Active:          4033128 kB
Inactive:         977508 kB
Active(anon):    3314696 kB
Inactive(anon):   206036 kB
Active(file):     718432 kB
Inactive(file):   771472 kB
Unevictable:         160 kB
Mlocked:             160 kB
SwapTotal:      10741756 kB
SwapFree:       10741756 kB
Dirty:              5084 kB
Writeback:             0 kB
AnonPages:       3292804 kB
Mapped:           478184 kB
Shmem:            228116 kB
Slab:             527228 kB
SReclaimable:     487440 kB
SUnreclaim:        39788 kB
KernelStack:       15744 kB
PageTables:        58964 kB
NFS_Unstable:          0 kB
Bounce:                0 kB
WritebackTmp:          0 kB
CommitLimit:    14724960 kB
Committed_AS:   11667580 kB
VmallocTotal:   34359738367 kB
VmallocUsed:           0 kB
VmallocChunk:          0 kB
HardwareCorrupted:     0 kB
AnonHugePages:   1056768 kB
CmaTotal:              0 kB
CmaFree:               0 kB
HugePages_Total:       0
HugePages_Free:        0
HugePages_Rsvd:        0
HugePages_Surp:        0
Hugepagesize:       2048 kB
DirectMap4k:      141368 kB
DirectMap2M:     8038400 kB


CPU:total 4 (2 cores per cpu, 2 threads per core) family 6 model 37 stepping 5, cmov, cx8, fxsr, mmx, sse, sse2, sse3, ssse3, sse4.1, sse4.2, popcnt, aes, clmul, ht, tsc, tscinvbit

/proc/cpuinfo:
processor	: 0
vendor_id	: GenuineIntel
cpu family	: 6
model		: 37
model name	: Intel(R) Core(TM) i5 CPU       M 520  @ 2.40GHz
stepping	: 5
microcode	: 0x2
cpu MHz		: 2400.000
cache size	: 3072 KB
physical id	: 0
siblings	: 4
core id		: 0
cpu cores	: 2
apicid		: 0
initial apicid	: 0
fpu		: yes
fpu_exception	: yes
cpuid level	: 11
wp		: yes
flags		: fpu vme de pse tsc msr pae mce cx8 apic sep mtrr pge mca cmov pat pse36 clflush dts acpi mmx fxsr sse sse2 ss ht tm pbe syscall nx rdtscp lm constant_tsc arch_perfmon pebs bts rep_good nopl xtopology nonstop_tsc aperfmperf pni pclmulqdq dtes64 monitor ds_cpl vmx smx est tm2 ssse3 cx16 xtpr pdcm pcid sse4_1 sse4_2 popcnt aes lahf_lm tpr_shadow vnmi flexpriority ept vpid dtherm ida arat
bugs		:
bogomips	: 4788.04
clflush size	: 64
cache_alignment	: 64
address sizes	: 36 bits physical, 48 bits virtual
power management:

processor	: 1
vendor_id	: GenuineIntel
cpu family	: 6
model		: 37
model name	: Intel(R) Core(TM) i5 CPU       M 520  @ 2.40GHz
stepping	: 5
microcode	: 0x2
cpu MHz		: 2400.000
cache size	: 3072 KB
physical id	: 0
siblings	: 4
core id		: 0
cpu cores	: 2
apicid		: 1
initial apicid	: 1
fpu		: yes
fpu_exception	: yes
cpuid level	: 11
wp		: yes
flags		: fpu vme de pse tsc msr pae mce cx8 apic sep mtrr pge mca cmov pat pse36 clflush dts acpi mmx fxsr sse sse2 ss ht tm pbe syscall nx rdtscp lm constant_tsc arch_perfmon pebs bts rep_good nopl xtopology nonstop_tsc aperfmperf pni pclmulqdq dtes64 monitor ds_cpl vmx smx est tm2 ssse3 cx16 xtpr pdcm pcid sse4_1 sse4_2 popcnt aes lahf_lm tpr_shadow vnmi flexpriority ept vpid dtherm ida arat
bugs		:
bogomips	: 4788.04
clflush size	: 64
cache_alignment	: 64
address sizes	: 36 bits physical, 48 bits virtual
power management:

processor	: 2
vendor_id	: GenuineIntel
cpu family	: 6
model		: 37
model name	: Intel(R) Core(TM) i5 CPU       M 520  @ 2.40GHz
stepping	: 5
microcode	: 0x2
cpu MHz		: 2400.000
cache size	: 3072 KB
physical id	: 0
siblings	: 4
core id		: 2
cpu cores	: 2
apicid		: 4
initial apicid	: 4
fpu		: yes
fpu_exception	: yes
cpuid level	: 11
wp		: yes
flags		: fpu vme de pse tsc msr pae mce cx8 apic sep mtrr pge mca cmov pat pse36 clflush dts acpi mmx fxsr sse sse2 ss ht tm pbe syscall nx rdtscp lm constant_tsc arch_perfmon pebs bts rep_good nopl xtopology nonstop_tsc aperfmperf pni pclmulqdq dtes64 monitor ds_cpl vmx smx est tm2 ssse3 cx16 xtpr pdcm pcid sse4_1 sse4_2 popcnt aes lahf_lm tpr_shadow vnmi flexpriority ept vpid dtherm ida arat
bugs		:
bogomips	: 4788.04
clflush size	: 64
cache_alignment	: 64
address sizes	: 36 bits physical, 48 bits virtual
power management:

processor	: 3
vendor_id	: GenuineIntel
cpu family	: 6
model		: 37
model name	: Intel(R) Core(TM) i5 CPU       M 520  @ 2.40GHz
stepping	: 5
microcode	: 0x2
cpu MHz		: 2400.000
cache size	: 3072 KB
physical id	: 0
siblings	: 4
core id		: 2
cpu cores	: 2
apicid		: 5
initial apicid	: 5
fpu		: yes
fpu_exception	: yes
cpuid level	: 11
wp		: yes
flags		: fpu vme de pse tsc msr pae mce cx8 apic sep mtrr pge mca cmov pat pse36 clflush dts acpi mmx fxsr sse sse2 ss ht tm pbe syscall nx rdtscp lm constant_tsc arch_perfmon pebs bts rep_good nopl xtopology nonstop_tsc aperfmperf pni pclmulqdq dtes64 monitor ds_cpl vmx smx est tm2 ssse3 cx16 xtpr pdcm pcid sse4_1 sse4_2 popcnt aes lahf_lm tpr_shadow vnmi flexpriority ept vpid dtherm ida arat
bugs		:
bogomips	: 4788.04
clflush size	: 64
cache_alignment	: 64
address sizes	: 36 bits physical, 48 bits virtual
power management:



Memory: 4k page, physical 7966412k(2289172k free), swap 10741756k(10741756k free)

vm_info: Java HotSpot(TM) 64-Bit Server VM (25.121-b13) for linux-amd64 JRE (1.8.0_121-b13), built on Dec 12 2016 16:36:53 by "java_re" with gcc 4.3.0 20080428 (Red Hat 4.3.0-8)

time: Thu May 11 21:11:12 2017
elapsed time: 17 seconds (0d 0h 0m 17s)

